<?xml version="1.0" encoding="UTF-8"?>
<!-- Generated by org.testng.reporters.JUnitReportReporter -->
<testsuite hostname="LAPTOP-D4P9EBFO" failures="0" tests="2" name="com.scompany.Tests.SubmitOrderTest" time="22.833" errors="0" timestamp="2024-08-21T00:20:56 GST" skipped="0">
  <testcase classname="com.scompany.Tests.SubmitOrderTest" name="submitOrder" time="19.184"/>
  <system-out/>
  <testcase classname="com.scompany.Tests.SubmitOrderTest" name="orderHistory" time="3.649"/>
  <system-out/>
</testsuite> <!-- com.scompany.Tests.SubmitOrderTest -->
