<?xml version="1.0" encoding="UTF-8"?>
<!-- Generated by org.testng.reporters.JUnitReportReporter -->
<testsuite hostname="LAPTOP-D4P9EBFO" failures="0" tests="3" name="com.scompany.Tests.SubmitOrderTest" time="34.754" errors="0" timestamp="2024-08-28T18:53:42 GST" skipped="0">
  <testcase classname="com.scompany.Tests.SubmitOrderTest" name="orderHistory" time="7.041"/>
  <system-out/>
  <testcase classname="com.scompany.Tests.SubmitOrderTest" name="submitOrder" time="8.334"/>
  <system-out/>
  <testcase classname="com.scompany.Tests.SubmitOrderTest" name="submitOrder" time="19.379"/>
  <system-out/>
</testsuite> <!-- com.scompany.Tests.SubmitOrderTest -->
