<?xml version="1.0" encoding="UTF-8"?>
<!-- Generated by org.testng.reporters.JUnitReportReporter -->
<testsuite hostname="LAPTOP-D4P9EBFO" failures="0" tests="3" name="com.scompany.Tests.SubmitOrderTest" time="41.837" errors="0" timestamp="2024-08-28T18:19:53 GST" skipped="0">
  <testcase classname="com.scompany.Tests.SubmitOrderTest" name="orderHistory" time="3.084"/>
  <system-out/>
  <testcase classname="com.scompany.Tests.SubmitOrderTest" name="submitOrder" time="18.008"/>
  <system-out/>
  <testcase classname="com.scompany.Tests.SubmitOrderTest" name="submitOrder" time="20.745"/>
  <system-out/>
</testsuite> <!-- com.scompany.Tests.SubmitOrderTest -->
