<?xml version="1.0" encoding="UTF-8"?>
<!-- Generated by org.testng.reporters.JUnitReportReporter -->
<testsuite hostname="LAPTOP-D4P9EBFO" failures="0" tests="1" name="com.scompany.Tests.SubmitOrderTest" time="18.218" errors="0" timestamp="2024-08-20T23:05:17 GST" skipped="0">
  <testcase classname="com.scompany.Tests.SubmitOrderTest" name="submitOrder" time="18.218"/>
  <system-out/>
</testsuite> <!-- com.scompany.Tests.SubmitOrderTest -->
