<?xml version="1.0" encoding="UTF-8"?>
<!-- Generated by org.testng.reporters.JUnitReportReporter -->
<testsuite hostname="LAPTOP-D4P9EBFO" failures="0" tests="2" name="com.scompany.Tests.SubmitOrderTest" time="22.385" errors="0" timestamp="2024-08-21T00:16:13 GST" skipped="0">
  <testcase classname="com.scompany.Tests.SubmitOrderTest" name="submitOrder" time="17.984"/>
  <system-out/>
  <testcase classname="com.scompany.Tests.SubmitOrderTest" name="orderHistory" time="4.401"/>
  <system-out/>
</testsuite> <!-- com.scompany.Tests.SubmitOrderTest -->
