<?xml version="1.0" encoding="UTF-8"?>
<!-- Generated by org.testng.reporters.JUnitReportReporter -->
<testsuite hostname="LAPTOP-D4P9EBFO" failures="0" tests="2" name="com.scompany.Tests.SubmitOrderTest" time="54.688" errors="0" timestamp="2024-08-22T20:44:39 GST" skipped="0">
  <testcase classname="com.scompany.Tests.SubmitOrderTest" name="submitOrder" time="34.557"/>
  <system-out/>
  <testcase classname="com.scompany.Tests.SubmitOrderTest" name="submitOrder" time="20.131"/>
  <system-out/>
</testsuite> <!-- com.scompany.Tests.SubmitOrderTest -->
