<?xml version="1.0" encoding="UTF-8"?>
<!-- Generated by org.testng.reporters.JUnitReportReporter -->
<testsuite hostname="LAPTOP-D4P9EBFO" failures="0" tests="1" name="com.scompany.Tests.SubmitOrderTest" time="21.822" errors="0" timestamp="2024-08-20T21:04:32 GST" skipped="0">
  <testcase classname="com.scompany.Tests.SubmitOrderTest" name="submitOrder" time="21.822"/>
  <system-out/>
</testsuite> <!-- com.scompany.Tests.SubmitOrderTest -->
