<?xml version="1.0" encoding="UTF-8"?>
<!-- Generated by org.testng.reporters.JUnitReportReporter -->
<testsuite hostname="LAPTOP-D4P9EBFO" failures="0" tests="3" name="com.scompany.Tests.SubmitOrderTest" time="44.154" errors="0" timestamp="2024-08-28T19:15:55 GST" skipped="0">
  <testcase classname="com.scompany.Tests.SubmitOrderTest" name="submitOrder" time="19.145"/>
  <system-out/>
  <testcase classname="com.scompany.Tests.SubmitOrderTest" name="orderHistory" time="4.336"/>
  <system-out/>
  <testcase classname="com.scompany.Tests.SubmitOrderTest" name="submitOrder" time="20.673"/>
  <system-out/>
</testsuite> <!-- com.scompany.Tests.SubmitOrderTest -->
