<?xml version="1.0" encoding="UTF-8"?>
<!-- Generated by org.testng.reporters.JUnitReportReporter -->
<testsuite hostname="LAPTOP-D4P9EBFO" failures="0" tests="2" name="com.scompany.Tests.SubmitOrderTest" time="47.110" errors="0" timestamp="2024-08-22T20:26:14 GST" skipped="0">
  <testcase classname="com.scompany.Tests.SubmitOrderTest" name="submitOrder" time="24.086"/>
  <system-out/>
  <testcase classname="com.scompany.Tests.SubmitOrderTest" name="submitOrder" time="23.024"/>
  <system-out/>
</testsuite> <!-- com.scompany.Tests.SubmitOrderTest -->
