<?xml version="1.0" encoding="UTF-8"?>
<!-- Generated by org.testng.reporters.JUnitReportReporter -->
<testsuite hostname="LAPTOP-D4P9EBFO" failures="0" tests="2" name="com.scompany.Tests.SubmitOrderTest" time="47.684" errors="0" timestamp="2024-08-29T23:11:51 GST" skipped="0">
  <testcase classname="com.scompany.Tests.SubmitOrderTest" name="submitOrder" time="22.056"/>
  <testcase classname="com.scompany.Tests.SubmitOrderTest" name="submitOrder" time="25.628"/>
</testsuite> <!-- com.scompany.Tests.SubmitOrderTest -->
